[debug] [2023-02-28T22:09:21.484Z] ----------------------------------------------------------------------
[debug] [2023-02-28T22:09:21.490Z] Command:       C:\Program Files\nodejs\node.exe C:\Users\Jorge\AppData\Roaming\npm\node_modules\firebase-tools\lib\bin\firebase.js deploy
[debug] [2023-02-28T22:09:21.490Z] CLI Version:   8.15.0
[debug] [2023-02-28T22:09:21.491Z] Platform:      win32
[debug] [2023-02-28T22:09:21.491Z] Node Version:  v16.16.0
[debug] [2023-02-28T22:09:21.501Z] Time:          Tue Feb 28 2023 18:09:21 GMT-0400 (hora de Venezuela)
[debug] [2023-02-28T22:09:21.502Z] ----------------------------------------------------------------------
[debug] [2023-02-28T22:09:21.503Z] 
[debug] [2023-02-28T22:09:21.520Z] > command requires scopes: ["email","openid","https://www.googleapis.com/auth/cloudplatformprojects.readonly","https://www.googleapis.com/auth/firebase","https://www.googleapis.com/auth/cloud-platform"]
[debug] [2023-02-28T22:09:21.522Z] > authorizing via signed-in user
[debug] [2023-02-28T22:09:21.523Z] [iam] checking project kannapolis-dev for permissions ["firebase.projects.get","firebasehosting.sites.update"]
[debug] [2023-02-28T22:09:21.529Z] >>> HTTP REQUEST POST https://cloudresourcemanager.googleapis.com/v1/projects/kannapolis-dev:testIamPermissions  
 {"permissions":["firebase.projects.get","firebasehosting.sites.update"]}
[debug] [2023-02-28T22:09:22.156Z] <<< HTTP RESPONSE 200 {"content-type":"application/json; charset=UTF-8","vary":"X-Origin, Referer, Origin,Accept-Encoding","date":"Tue, 28 Feb 2023 22:08:44 GMT","server":"ESF","cache-control":"private","x-xss-protection":"0","x-frame-options":"SAMEORIGIN","x-content-type-options":"nosniff","server-timing":"gfet4t7; dur=109","alt-svc":"h3=\":443\"; ma=2592000,h3-29=\":443\"; ma=2592000","accept-ranges":"none","transfer-encoding":"chunked"}
[debug] [2023-02-28T22:09:22.162Z] >>> HTTP REQUEST GET https://firebase.googleapis.com/v1beta1/projects/kannapolis-dev  
 
[debug] [2023-02-28T22:09:22.903Z] <<< HTTP RESPONSE 200 {"content-type":"application/json; charset=UTF-8","vary":"X-Origin, Referer, Origin,Accept-Encoding","date":"Tue, 28 Feb 2023 22:08:44 GMT","server":"ESF","cache-control":"private","x-xss-protection":"0","x-frame-options":"SAMEORIGIN","x-content-type-options":"nosniff","alt-svc":"h3=\":443\"; ma=2592000,h3-29=\":443\"; ma=2592000","accept-ranges":"none","transfer-encoding":"chunked"}
[info] 
[info] === Deploying to 'kannapolis-dev'...
[info] 
[info] i  deploying hosting 
[debug] [2023-02-28T22:09:22.971Z] >>> HTTP REQUEST POST https://firebasehosting.googleapis.com/v1beta1/sites/kannapolis-dev/versions  
 {"config":{"rewrites":[{"glob":"**","path":"/index.html"}]},"labels":{"deployment-tool":"cli-firebase"}}
